<?xml version="1.0" encoding="UTF-8"?>
<!-- Generated by org.testng.reporters.JUnitReportReporter -->
<testsuite hostname="LAPTOP-2R7BL31P" failures="0" tests="5" name="fdPack.LoginTestNinja" time="148.526" errors="0" timestamp="2022-04-20T18:11:17 IST" skipped="0">
  <testcase classname="fdPack.LoginTestNinja" name="loginTest" time="31.206"/>
  <system-out/>
  <testcase classname="fdPack.LoginTestNinja" name="loginTest" time="33.335"/>
  <system-out/>
  <testcase classname="fdPack.LoginTestNinja" name="loginTest" time="20.519"/>
  <system-out/>
  <testcase classname="fdPack.LoginTestNinja" name="loginTest" time="23.061"/>
  <system-out/>
  <testcase classname="fdPack.LoginTestNinja" name="loginTest" time="40.405"/>
  <system-out/>
</testsuite> <!-- fdPack.LoginTestNinja -->
